<?xml version="1.0" encoding="UTF-8"?>
<testng-results ignored="0" total="1" passed="1" failed="0" skipped="0">
  <reporter-output>
  </reporter-output>
  <suite started-at="2025-05-26T15:47:50 IST" name="Default suite" finished-at="2025-05-26T15:47:52 IST" duration-ms="2591">
    <groups>
    </groups>
    <test started-at="2025-05-26T15:47:50 IST" name="Default test" finished-at="2025-05-26T15:47:52 IST" duration-ms="2591">
      <class name="restassured_bddstyle.getemployeeGET">
        <test-method signature="getemployee()[pri:0, instance:restassured_bddstyle.getemployeeGET@6ae5aa72]" started-at="2025-05-26T15:47:50 IST" name="getemployee" finished-at="2025-05-26T15:47:52 IST" duration-ms="2531" status="PASS">
          <reporter-output>
          </reporter-output>
        </test-method> <!-- getemployee -->
      </class> <!-- restassured_bddstyle.getemployeeGET -->
    </test> <!-- Default test -->
  </suite> <!-- Default suite -->
</testng-results>
