<?xml version="1.0" encoding="UTF-8"?>
<!-- Generated by org.testng.reporters.JUnitXMLReporter -->
<testsuite ignored="0" hostname="DESKTOP-JCAI8IT" failures="0" tests="2" name="test Cases" time="16.305" errors="0" timestamp="2025-05-28T10:48:55 IST">
  <testcase classname="DataDrivenproblemexample.correctcrdential" name="correctcredential" time="8.778"/>
  <testcase classname="DataDrivenproblemexample.Incorrectcredential" name="Incorrectcredentialexample" time="7.473"/>
</testsuite> <!-- test Cases -->
