<?xml version="1.0" encoding="UTF-8"?>
<testng-results ignored="0" total="1" passed="1" failed="0" skipped="0">
  <reporter-output>
  </reporter-output>
  <suite started-at="2025-06-04T15:13:47 IST" name="Default suite" finished-at="2025-06-04T15:13:59 IST" duration-ms="11081">
    <groups>
    </groups>
    <test started-at="2025-06-04T15:13:47 IST" name="Default test" finished-at="2025-06-04T15:13:59 IST" duration-ms="11081">
      <class name="PagefactorywithoutFindbyannotation.TestCase">
        <test-method signature="Login()[pri:0, instance:PagefactorywithoutFindbyannotation.TestCase@1bd4fdd]" started-at="2025-06-04T15:13:47 IST" name="Login" finished-at="2025-06-04T15:13:59 IST" duration-ms="11027" status="PASS">
          <reporter-output>
          </reporter-output>
        </test-method> <!-- Login -->
      </class> <!-- PagefactorywithoutFindbyannotation.TestCase -->
    </test> <!-- Default test -->
  </suite> <!-- Default suite -->
</testng-results>
