<?xml version="1.0" encoding="UTF-8"?>
<testng-results ignored="0" total="2" passed="2" failed="0" skipped="0">
  <reporter-output>
  </reporter-output>
  <suite started-at="2025-02-07T15:03:30 IST" name="Default suite" finished-at="2025-02-07T15:03:30 IST" duration-ms="82">
    <groups>
    </groups>
    <test started-at="2025-02-07T15:03:30 IST" name="Default test" finished-at="2025-02-07T15:03:30 IST" duration-ms="82">
      <class name="NewTest">
        <test-method is-config="true" signature="beforeSuite()[pri:0, instance:NewTest@5fe94a96]" started-at="2025-02-07T15:03:30 IST" name="beforeSuite" finished-at="2025-02-07T15:03:30 IST" duration-ms="10" status="PASS">
          <reporter-output>
          </reporter-output>
        </test-method> <!-- beforeSuite -->
        <test-method is-config="true" signature="beforeTest()[pri:0, instance:NewTest@5fe94a96]" started-at="2025-02-07T15:03:30 IST" name="beforeTest" finished-at="2025-02-07T15:03:30 IST" duration-ms="1" status="PASS">
          <reporter-output>
          </reporter-output>
        </test-method> <!-- beforeTest -->
        <test-method is-config="true" signature="beforeClass()[pri:0, instance:NewTest@5fe94a96]" started-at="2025-02-07T15:03:30 IST" name="beforeClass" finished-at="2025-02-07T15:03:30 IST" duration-ms="0" status="PASS">
          <reporter-output>
          </reporter-output>
        </test-method> <!-- beforeClass -->
        <test-method is-config="true" signature="beforeMethod()[pri:0, instance:NewTest@5fe94a96]" started-at="2025-02-07T15:03:30 IST" name="beforeMethod" finished-at="2025-02-07T15:03:30 IST" duration-ms="0" status="PASS">
          <reporter-output>
          </reporter-output>
        </test-method> <!-- beforeMethod -->
        <test-method signature="Test()[pri:0, instance:NewTest@5fe94a96]" started-at="2025-02-07T15:03:30 IST" name="Test" finished-at="2025-02-07T15:03:30 IST" duration-ms="11" status="PASS">
          <reporter-output>
          </reporter-output>
        </test-method> <!-- Test -->
        <test-method is-config="true" signature="afterMethod()[pri:0, instance:NewTest@5fe94a96]" started-at="2025-02-07T15:03:30 IST" name="afterMethod" finished-at="2025-02-07T15:03:30 IST" duration-ms="1" status="PASS">
          <reporter-output>
          </reporter-output>
        </test-method> <!-- afterMethod -->
        <test-method is-config="true" signature="beforeMethod()[pri:0, instance:NewTest@5fe94a96]" started-at="2025-02-07T15:03:30 IST" name="beforeMethod" finished-at="2025-02-07T15:03:30 IST" duration-ms="1" status="PASS">
          <reporter-output>
          </reporter-output>
        </test-method> <!-- beforeMethod -->
        <test-method signature="Test1()[pri:0, instance:NewTest@5fe94a96]" started-at="2025-02-07T15:03:30 IST" name="Test1" finished-at="2025-02-07T15:03:30 IST" duration-ms="6" status="PASS">
          <reporter-output>
          </reporter-output>
        </test-method> <!-- Test1 -->
        <test-method is-config="true" signature="afterMethod()[pri:0, instance:NewTest@5fe94a96]" started-at="2025-02-07T15:03:30 IST" name="afterMethod" finished-at="2025-02-07T15:03:30 IST" duration-ms="0" status="PASS">
          <reporter-output>
          </reporter-output>
        </test-method> <!-- afterMethod -->
        <test-method is-config="true" signature="afterClass()[pri:0, instance:NewTest@5fe94a96]" started-at="2025-02-07T15:03:30 IST" name="afterClass" finished-at="2025-02-07T15:03:30 IST" duration-ms="1" status="PASS">
          <reporter-output>
          </reporter-output>
        </test-method> <!-- afterClass -->
        <test-method is-config="true" signature="afterTest()[pri:0, instance:NewTest@5fe94a96]" started-at="2025-02-07T15:03:30 IST" name="afterTest" finished-at="2025-02-07T15:03:30 IST" duration-ms="0" status="PASS">
          <reporter-output>
          </reporter-output>
        </test-method> <!-- afterTest -->
        <test-method is-config="true" signature="afterSuite()[pri:0, instance:NewTest@5fe94a96]" started-at="2025-02-07T15:03:30 IST" name="afterSuite" finished-at="2025-02-07T15:03:30 IST" duration-ms="1" status="PASS">
          <reporter-output>
          </reporter-output>
        </test-method> <!-- afterSuite -->
      </class> <!-- NewTest -->
    </test> <!-- Default test -->
  </suite> <!-- Default suite -->
</testng-results>
